<?xml version="1.0" encoding="UTF-8"?>
<!-- Generated by org.testng.reporters.JUnitReportReporter -->
<testsuite skipped="0" hostname="DESKTOP-Q2QGO7D" name="com.testCases.HomeCases" tests="1" failures="0" timestamp="2022-08-03T14:33:39 IST" time="50.194" errors="0">
  <testcase name="case_3" time="50.194" classname="com.testCases.HomeCases"/>
  <system-out/>
</testsuite> <!-- com.testCases.HomeCases -->
